<?xml version="1.0" encoding="UTF-8" ?>
<testsuite tests="10" failures="0" name="com.sg.squatchwatch.dao.SquatchWatchUserAndArticleDaoTest" time="3.599" errors="0" skipped="0">
  <properties>
[...]
</properties>
  <testcase classname="com.sg.squatchwatch.dao.SquatchWatchUserAndArticleDaoTest" name="testAddUser" time="0.5"/>
  <testcase classname="com.sg.squatchwatch.dao.SquatchWatchUserAndArticleDaoTest" name="testGetAllUsers" time="0.531"/>
  <testcase classname="com.sg.squatchwatch.dao.SquatchWatchUserAndArticleDaoTest" name="testUpdateUser" time="0.375"/>
  <testcase classname="com.sg.squatchwatch.dao.SquatchWatchUserAndArticleDaoTest" name="testGetUser" time="0.505"/>
  <testcase classname="com.sg.squatchwatch.dao.SquatchWatchUserAndArticleDaoTest" name="testGetArticle" time="0.203"/>
  <testcase classname="com.sg.squatchwatch.dao.SquatchWatchUserAndArticleDaoTest" name="testUpdateArticle" time="0.141"/>
  <testcase classname="com.sg.squatchwatch.dao.SquatchWatchUserAndArticleDaoTest" name="testAddArticle" time="0.75"/>
  <testcase classname="com.sg.squatchwatch.dao.SquatchWatchUserAndArticleDaoTest" name="testDeleteArticle" time="0.297"/>
  <testcase classname="com.sg.squatchwatch.dao.SquatchWatchUserAndArticleDaoTest" name="testDeleteUser" time="0.203"/>
  <testcase classname="com.sg.squatchwatch.dao.SquatchWatchUserAndArticleDaoTest" name="testGetAllArticles" time="0.094"/>
</testsuite>